C51 COMPILER V9.54   LCD1602                                                               12/30/2022 11:15:04 PAGE 1   


C51 COMPILER V9.54, COMPILATION OF MODULE LCD1602
OBJECT MODULE PLACED IN .\Objects\LCD1602.obj
COMPILER INVOKED BY: E:\keil\C51\BIN\C51.EXE LCD1602.c OPTIMIZE(8,SPEED) BROWSE DEBUG OBJECTEXTEND PRINT(.\Listings\LCD1
                    -602.lst) OBJECT(.\Objects\LCD1602.obj)

line level    source

   1          #include <REG51.H>
   2          #include "Delay.h"
   3          //引脚配置：
   4          sbit LCD_RS=P2^6;
   5          sbit LCD_RW=P2^5;
   6          sbit LCD_EN=P2^4;
   7          #define LCD_DataPort P0
   8          
   9          //函数定义：
  10          /**
  11            * @brief  LCD1602延时函数，12MHz调用可延时1ms
  12            * @param  无
  13            * @retval 无
  14            */
  15          void LCD_Delay()
  16          {
  17   1              unsigned char i, j;
  18   1      
  19   1              i = 2;
  20   1              j = 239;
  21   1              do
  22   1              {
  23   2                      while (--j);
  24   2              } while (--i);
  25   1      }
  26          
  27          /**
  28            * @brief  LCD1602写命令
  29            * @param  Command 要写入的命令
  30            * @retval 无
  31            */
  32          void LCD_WriteCommand(unsigned char Command)
  33          {
  34   1              LCD_RS=0;
  35   1              LCD_RW=0;
  36   1              LCD_EN=0;
  37   1              LCD_Delay();
  38   1              LCD_DataPort=Command;
  39   1              LCD_EN=1;
  40   1              LCD_Delay();
  41   1              LCD_EN=0;
  42   1              LCD_Delay();
  43   1      }
  44          
  45          /**
  46            * @brief  LCD1602写数据
  47            * @param  Data 要写入的数据
  48            * @retval 无
  49            */
  50          void LCD_WriteData(unsigned char Data)
  51          {
  52   1              LCD_RS=1;
  53   1              LCD_RW=0;
  54   1              LCD_DataPort=Data;
C51 COMPILER V9.54   LCD1602                                                               12/30/2022 11:15:04 PAGE 2   

  55   1              LCD_EN=1;
  56   1              LCD_Delay();
  57   1              LCD_EN=0;
  58   1              LCD_Delay();
  59   1      }
  60          
  61          /**
  62            * @brief  LCD1602设置光标位置
  63            * @param  Line 行位置，范围：1~2
  64            * @param  Column 列位置，范围：1~16
  65            * @retval 无
  66            */
  67          void LCD_SetCursor(unsigned char Line,unsigned char Column)
  68          {
  69   1              if(Line==1)
  70   1              {
  71   2                      LCD_WriteCommand(0x80|(Column-1));
  72   2              }
  73   1              else if(Line==2)
  74   1              {
  75   2                      LCD_WriteCommand(0x80|(Column-1+0x40));
  76   2              }
  77   1      }
  78          
  79          /**
  80            * @brief  LCD1602初始化函数
  81            * @param  无
  82            * @retval 无
  83            */
  84          void LCD_Init()
  85          {       
  86   1              Delay(5);
  87   1              LCD_WriteCommand(0x38);//八位数据接口，两行显示，5*7点阵
  88   1              Delay(10);
  89   1              LCD_WriteCommand(0x38);
  90   1              Delay(10);
  91   1              LCD_WriteCommand(0x0c);//显示开，光标关，闪烁关
  92   1              Delay(5);
  93   1              LCD_WriteCommand(0x06);//数据读写操作后，光标自动加一，画面不动
  94   1              Delay(5);
  95   1              LCD_WriteCommand(0x01);//光标复位，清屏
  96   1              Delay(5);
  97   1      }
  98          
  99          /**
 100            * @brief  在LCD1602指定位置上显示一个字符
 101            * @param  Line 行位置，范围：1~2
 102            * @param  Column 列位置，范围：1~16
 103            * @param  Char 要显示的字符
 104            * @retval 无
 105            */
 106          void LCD_ShowChar(unsigned char Line,unsigned char Column,char Char)
 107          {
 108   1              LCD_SetCursor(Line,Column);
 109   1              LCD_WriteData(Char);
 110   1      }
 111          
 112          /**
 113            * @brief  在LCD1602指定位置开始显示所给字符串
 114            * @param  Line 起始行位置，范围：1~2
 115            * @param  Column 起始列位置，范围：1~16
 116            * @param  String 要显示的字符串
C51 COMPILER V9.54   LCD1602                                                               12/30/2022 11:15:04 PAGE 3   

 117            * @retval 无
 118            */
 119          void LCD_ShowString(unsigned char Line,unsigned char Column,char *String)
 120          {
 121   1              unsigned char i;
 122   1              LCD_SetCursor(Line,Column);
 123   1              for(i=0;String[i]!='\0';i++)
 124   1              {
 125   2                      LCD_WriteData(String[i]);
 126   2              }
 127   1      }
 128          
 129          /**
 130            * @brief  返回值=X的Y次方
 131            */
 132          int LCD_Pow(int X,int Y)
 133          {
 134   1              unsigned char i;
 135   1              int Result=1;
 136   1              for(i=0;i<Y;i++)
 137   1              {
 138   2                      Result*=X;
 139   2              }
 140   1              return Result;
 141   1      }
 142          
 143          /**
 144            * @brief  在LCD1602指定位置开始显示所给数字
 145            * @param  Line 起始行位置，范围：1~2
 146            * @param  Column 起始列位置，范围：1~16
 147            * @param  Number 要显示的数字，范围：0~65535
 148            * @param  Length 要显示数字的长度，范围：1~5
 149            * @retval 无
 150            */
 151          void LCD_ShowNum(unsigned char Line,unsigned char Column,unsigned int Number,unsigned char Length)
 152          {
 153   1              unsigned char i;
 154   1              LCD_SetCursor(Line,Column);
 155   1              for(i=Length;i>0;i--)
 156   1              {
 157   2                      LCD_WriteData(Number/LCD_Pow(10,i-1)%10+'0');
 158   2              }
 159   1      }
 160          
 161          /**
 162            * @brief  在LCD1602指定位置开始以有符号十进制显示所给数字
 163            * @param  Line 起始行位置，范围：1~2
 164            * @param  Column 起始列位置，范围：1~16
 165            * @param  Number 要显示的数字，范围：-32768~32767
 166            * @param  Length 要显示数字的长度，范围：1~5
 167            * @retval 无
 168            */
 169          void LCD_ShowSignedNum(unsigned char Line,unsigned char Column,int Number,unsigned char Length)
 170          {
 171   1              unsigned char i;
 172   1              unsigned int Number1;
 173   1              LCD_SetCursor(Line,Column);
 174   1              if(Number>=0)
 175   1              {
 176   2                      LCD_WriteData('+');
 177   2                      Number1=Number;
 178   2              }
C51 COMPILER V9.54   LCD1602                                                               12/30/2022 11:15:04 PAGE 4   

 179   1              else
 180   1              {
 181   2                      LCD_WriteData('-');
 182   2                      Number1=-Number;
 183   2              }
 184   1              for(i=Length;i>0;i--)
 185   1              {
 186   2                      LCD_WriteData(Number1/LCD_Pow(10,i-1)%10+'0');
 187   2              }
 188   1      }
 189          
 190          /**
 191            * @brief  在LCD1602指定位置开始以十六进制显示所给数字
 192            * @param  Line 起始行位置，范围：1~2
 193            * @param  Column 起始列位置，范围：1~16
 194            * @param  Number 要显示的数字，范围：0~0xFFFF
 195            * @param  Length 要显示数字的长度，范围：1~4
 196            * @retval 无
 197            */
 198          void LCD_ShowHexNum(unsigned char Line,unsigned char Column,unsigned int Number,unsigned char Length)
 199          {
 200   1              unsigned char i,SingleNumber;
 201   1              LCD_SetCursor(Line,Column);
 202   1              for(i=Length;i>0;i--)
 203   1              {
 204   2                      SingleNumber=Number/LCD_Pow(16,i-1)%16;
 205   2                      if(SingleNumber<10)
 206   2                      {
 207   3                              LCD_WriteData(SingleNumber+'0');
 208   3                      }
 209   2                      else
 210   2                      {
 211   3                              LCD_WriteData(SingleNumber-10+'A');
 212   3                      }
 213   2              }
 214   1      }
 215          
 216          /**
 217            * @brief  在LCD1602指定位置开始以二进制显示所给数字
 218            * @param  Line 起始行位置，范围：1~2
 219            * @param  Column 起始列位置，范围：1~16
 220            * @param  Number 要显示的数字，范围：0~1111 1111 1111 1111
 221            * @param  Length 要显示数字的长度，范围：1~16
 222            * @retval 无
 223            */
 224          void LCD_ShowBinNum(unsigned char Line,unsigned char Column,unsigned int Number,unsigned char Length)
 225          {
 226   1              unsigned char i;
 227   1              LCD_SetCursor(Line,Column);
 228   1              for(i=Length;i>0;i--)
 229   1              {
 230   2                      LCD_WriteData(Number/LCD_Pow(2,i-1)%2+'0');
 231   2              }
 232   1      }


MODULE INFORMATION:   STATIC OVERLAYABLE
   CODE SIZE        =    453    ----
   CONSTANT SIZE    =   ----    ----
   XDATA SIZE       =   ----    ----
   PDATA SIZE       =   ----    ----
   DATA SIZE        =   ----      29
C51 COMPILER V9.54   LCD1602                                                               12/30/2022 11:15:04 PAGE 5   

   IDATA SIZE       =   ----    ----
   BIT SIZE         =   ----    ----
END OF MODULE INFORMATION.


C51 COMPILATION COMPLETE.  0 WARNING(S),  0 ERROR(S)
